This file contains any messages produced by compilers while
running configure, to aid debugging if configure makes a mistake.

It was created by YAD configure 0.38.0, which was
generated by GNU Autoconf 2.69.  Invocation command line was

  $ ./configure --prefix=/usr --with-gtk=gtk2 --enable-html

## --------- ##
## Platform. ##
## --------- ##

hostname = itx
uname -m = x86_64
uname -r = 4.8.11-ext73-48.11-ivybridge
uname -s = Linux
uname -v = #47 SMP Tue Nov 29 22:33:00 CET 2016

/usr/bin/uname -p = unknown
/bin/uname -X     = unknown

/bin/arch              = unknown
/usr/bin/arch -k       = unknown
/usr/convex/getsysinfo = unknown
/usr/bin/hostinfo      = unknown
/bin/machine           = unknown
/usr/bin/oslevel       = unknown
/bin/universe          = unknown

PATH: /usr/sbin
PATH: /usr/bin
PATH: /sbin
PATH: /bin
PATH: /usr/bin/X11


## ----------- ##
## Core tests. ##
## ----------- ##

configure:2320: checking for a BSD-compatible install
configure:2388: result: /usr/bin/install -c
configure:2399: checking whether build environment is sane
configure:2454: result: yes
configure:2605: checking for a thread-safe mkdir -p
configure:2644: result: /bin/mkdir -p
configure:2651: checking for gawk
configure:2667: found /usr/bin/gawk
configure:2678: result: gawk
configure:2689: checking whether make sets $(MAKE)
configure:2711: result: yes
configure:2740: checking whether make supports nested variables
configure:2757: result: yes
configure:2894: checking whether make supports nested variables
configure:2911: result: yes
configure:2930: checking whether to enable maintainer-specific portions of Makefiles
configure:2939: result: no
configure:2954: checking whether NLS is requested
configure:2963: result: yes
configure:2981: checking for intltool >= 0.40.0
configure:2983: result: 0.51.0 found
configure:2991: checking for intltool-update
configure:3009: found /usr/bin/intltool-update
configure:3021: result: /usr/bin/intltool-update
configure:3031: checking for intltool-merge
configure:3049: found /usr/bin/intltool-merge
configure:3061: result: /usr/bin/intltool-merge
configure:3071: checking for intltool-extract
configure:3089: found /usr/bin/intltool-extract
configure:3101: result: /usr/bin/intltool-extract
configure:3255: checking for xgettext
configure:3273: found /usr/bin/xgettext
configure:3285: result: /usr/bin/xgettext
configure:3295: checking for msgmerge
configure:3313: found /usr/bin/msgmerge
configure:3325: result: /usr/bin/msgmerge
configure:3335: checking for msgfmt
configure:3353: found /usr/bin/msgfmt
configure:3365: result: /usr/bin/msgfmt
configure:3375: checking for gmsgfmt
configure:3406: result: /usr/bin/msgfmt
configure:3426: checking for perl
configure:3444: found /usr/bin/perl
configure:3456: result: /usr/bin/perl
configure:3467: checking for perl >= 5.8.1
configure:3474: result: 5.22.1
configure:3478: checking for XML::Parser
configure:3481: result: ok
configure:3543: checking for gcc
configure:3559: found /usr/bin/gcc
configure:3570: result: gcc
configure:3799: checking for C compiler version
configure:3808: gcc --version >&5
gcc (eXt73-build_v8.3) 6.2.1 20161201
Copyright (C) 2016 Free Software Foundation, Inc.
This is free software; see the source for copying conditions.  There is NO
warranty; not even for MERCHANTABILITY or FITNESS FOR A PARTICULAR PURPOSE.

configure:3819: $? = 0
configure:3808: gcc -v >&5
Using built-in specs.
COLLECT_GCC=gcc
COLLECT_LTO_WRAPPER=/opt/gcc-6.2.1/libexec/gcc/x86_64-pc-linux-gnu/6.2.1/lto-wrapper
Target: x86_64-pc-linux-gnu
Configured with: /home/ext73/Pobrane/gcc-6-20161201/./configure --prefix=/opt/gcc-6.2.1/ --enable-lto --enable-tls --with-plugin-ld=/opt/binutils-2.27/bin/ld --disable-nls --enable-languages=c,c++ --disable-multilib --disable-bootstrap --disable-libstdcxx-pch --enable-threads=posix --enable-__cxa_atexit --enable-gnu-indirect-function --disable-libunwind-exceptions --enable-clocale=gnu --disable-libssp --enable-gnu-unique-object --enable-linker-build-id --enable-cloog-backend=isl --disable-isl-version-check --enable-plugin --enable-install-libiberty --with-linker-hash-style=gnu --disable-werror --enable-checking=release --with-pkgversion=eXt73-build_v8.3
Thread model: posix
gcc version 6.2.1 20161201 (eXt73-build_v8.3) 
configure:3819: $? = 0
configure:3808: gcc -V >&5
gcc: error: unrecognized command line option '-V'
gcc: fatal error: no input files
compilation terminated.
configure:3819: $? = 1
configure:3808: gcc -qversion >&5
gcc: error: unrecognized command line option '-qversion'; did you mean '--version'?
gcc: fatal error: no input files
compilation terminated.
configure:3819: $? = 1
configure:3839: checking whether the C compiler works
configure:3861: gcc    conftest.c  >&5
configure:3865: $? = 0
configure:3913: result: yes
configure:3916: checking for C compiler default output file name
configure:3918: result: a.out
configure:3924: checking for suffix of executables
configure:3931: gcc -o conftest    conftest.c  >&5
configure:3935: $? = 0
configure:3957: result: 
configure:3979: checking whether we are cross compiling
configure:3987: gcc -o conftest    conftest.c  >&5
configure:3991: $? = 0
configure:3998: ./conftest
configure:4002: $? = 0
configure:4017: result: no
configure:4022: checking for suffix of object files
configure:4044: gcc -c   conftest.c >&5
configure:4048: $? = 0
configure:4069: result: o
configure:4073: checking whether we are using the GNU C compiler
configure:4092: gcc -c   conftest.c >&5
configure:4092: $? = 0
configure:4101: result: yes
configure:4110: checking whether gcc accepts -g
configure:4130: gcc -c -g  conftest.c >&5
configure:4130: $? = 0
configure:4171: result: yes
configure:4188: checking for gcc option to accept ISO C89
configure:4251: gcc  -c -g -O2  conftest.c >&5
configure:4251: $? = 0
configure:4264: result: none needed
configure:4289: checking whether gcc understands -c and -o together
configure:4311: gcc -c conftest.c -o conftest2.o
configure:4314: $? = 0
configure:4311: gcc -c conftest.c -o conftest2.o
configure:4314: $? = 0
configure:4326: result: yes
configure:4354: checking for style of include used by make
configure:4382: result: GNU
configure:4408: checking dependency style of gcc
configure:4519: result: gcc3
configure:4619: checking for pkg-config
configure:4637: found /usr/bin/pkg-config
configure:4649: result: /usr/bin/pkg-config
configure:4674: checking pkg-config is at least version 0.9.0
configure:4677: result: yes
configure:4687: checking for GTK
configure:4694: $PKG_CONFIG --exists --print-errors "$GTK_MODULE >= $GTK_REQUIRED $GTK_PRINT"
configure:4697: $? = 0
configure:4711: $PKG_CONFIG --exists --print-errors "$GTK_MODULE >= $GTK_REQUIRED $GTK_PRINT"
configure:4714: $? = 0
configure:4772: result: yes
configure:4823: checking for HTML
configure:4830: $PKG_CONFIG --exists --print-errors "$WEBKIT"
configure:4833: $? = 0
configure:4847: $PKG_CONFIG --exists --print-errors "$WEBKIT"
configure:4850: $? = 0
configure:4888: result: yes
configure:4922: checking for GIO
configure:4929: $PKG_CONFIG --exists --print-errors "gio-2.0"
configure:4932: $? = 0
configure:4946: $PKG_CONFIG --exists --print-errors "gio-2.0"
configure:4949: $? = 0
configure:4987: result: yes
configure:5219: checking how to run the C preprocessor
configure:5250: gcc -E  conftest.c
configure:5250: $? = 0
configure:5264: gcc -E  conftest.c
conftest.c:15:28: fatal error: ac_nonexistent.h: No such file or directory
 #include <ac_nonexistent.h>
                            ^
compilation terminated.
configure:5264: $? = 1
configure: failed program was:
| /* confdefs.h */
| #define PACKAGE_NAME "YAD"
| #define PACKAGE_TARNAME "yad"
| #define PACKAGE_VERSION "0.38.0"
| #define PACKAGE_STRING "YAD 0.38.0"
| #define PACKAGE_BUGREPORT "https://sourceforge.net/p/yad-dialog/tickets/"
| #define PACKAGE_URL "https://sourceforge.net/projects/yad-dialog/"
| #define PACKAGE "yad"
| #define VERSION "0.38.0"
| #define RGB_FILE "/etc/X11/rgb.txt"
| #define HAVE_HTML 1
| #define HAVE_GIO 1
| #define GETTEXT_PACKAGE "yad"
| /* end confdefs.h.  */
| #include <ac_nonexistent.h>
configure:5289: result: gcc -E
configure:5309: gcc -E  conftest.c
configure:5309: $? = 0
configure:5323: gcc -E  conftest.c
conftest.c:15:28: fatal error: ac_nonexistent.h: No such file or directory
 #include <ac_nonexistent.h>
                            ^
compilation terminated.
configure:5323: $? = 1
configure: failed program was:
| /* confdefs.h */
| #define PACKAGE_NAME "YAD"
| #define PACKAGE_TARNAME "yad"
| #define PACKAGE_VERSION "0.38.0"
| #define PACKAGE_STRING "YAD 0.38.0"
| #define PACKAGE_BUGREPORT "https://sourceforge.net/p/yad-dialog/tickets/"
| #define PACKAGE_URL "https://sourceforge.net/projects/yad-dialog/"
| #define PACKAGE "yad"
| #define VERSION "0.38.0"
| #define RGB_FILE "/etc/X11/rgb.txt"
| #define HAVE_HTML 1
| #define HAVE_GIO 1
| #define GETTEXT_PACKAGE "yad"
| /* end confdefs.h.  */
| #include <ac_nonexistent.h>
configure:5352: checking for grep that handles long lines and -e
configure:5410: result: /bin/grep
configure:5415: checking for egrep
configure:5477: result: /bin/grep -E
configure:5482: checking for ANSI C header files
configure:5502: gcc -c -g -O2  conftest.c >&5
configure:5502: $? = 0
configure:5575: gcc -o conftest -g -O2   conftest.c  >&5
configure:5575: $? = 0
configure:5575: ./conftest
configure:5575: $? = 0
configure:5586: result: yes
configure:5599: checking for sys/types.h
configure:5599: gcc -c -g -O2  conftest.c >&5
configure:5599: $? = 0
configure:5599: result: yes
configure:5599: checking for sys/stat.h
configure:5599: gcc -c -g -O2  conftest.c >&5
configure:5599: $? = 0
configure:5599: result: yes
configure:5599: checking for stdlib.h
configure:5599: gcc -c -g -O2  conftest.c >&5
configure:5599: $? = 0
configure:5599: result: yes
configure:5599: checking for string.h
configure:5599: gcc -c -g -O2  conftest.c >&5
configure:5599: $? = 0
configure:5599: result: yes
configure:5599: checking for memory.h
configure:5599: gcc -c -g -O2  conftest.c >&5
configure:5599: $? = 0
configure:5599: result: yes
configure:5599: checking for strings.h
configure:5599: gcc -c -g -O2  conftest.c >&5
configure:5599: $? = 0
configure:5599: result: yes
configure:5599: checking for inttypes.h
configure:5599: gcc -c -g -O2  conftest.c >&5
configure:5599: $? = 0
configure:5599: result: yes
configure:5599: checking for stdint.h
configure:5599: gcc -c -g -O2  conftest.c >&5
configure:5599: $? = 0
configure:5599: result: yes
configure:5599: checking for unistd.h
configure:5599: gcc -c -g -O2  conftest.c >&5
configure:5599: $? = 0
configure:5599: result: yes
configure:5614: checking locale.h usability
configure:5614: gcc -c -g -O2  conftest.c >&5
configure:5614: $? = 0
configure:5614: result: yes
configure:5614: checking locale.h presence
configure:5614: gcc -E  conftest.c
configure:5614: $? = 0
configure:5614: result: yes
configure:5614: checking for locale.h
configure:5614: result: yes
configure:5625: checking for LC_MESSAGES
configure:5641: gcc -o conftest -g -O2   conftest.c  >&5
configure:5641: $? = 0
configure:5649: result: yes
configure:5666: checking libintl.h usability
configure:5666: gcc -c -g -O2  conftest.c >&5
configure:5666: $? = 0
configure:5666: result: yes
configure:5666: checking libintl.h presence
configure:5666: gcc -E  conftest.c
configure:5666: $? = 0
configure:5666: result: yes
configure:5666: checking for libintl.h
configure:5666: result: yes
configure:5674: checking for ngettext in libc
configure:5692: gcc -o conftest -g -O2   conftest.c  >&5
configure:5692: $? = 0
configure:5701: result: yes
configure:5705: checking for dgettext in libc
configure:5723: gcc -o conftest -g -O2   conftest.c  >&5
configure:5723: $? = 0
configure:5732: result: yes
configure:5739: checking for bind_textdomain_codeset
configure:5739: gcc -o conftest -g -O2   conftest.c  >&5
configure:5739: $? = 0
configure:5739: result: yes
configure:6015: checking for msgfmt
configure:6042: result: /usr/bin/msgfmt
configure:6053: checking for dcgettext
configure:6053: gcc -o conftest -g -O2   conftest.c   >&5
conftest.c:52:6: warning: conflicting types for built-in function 'dcgettext'
 char dcgettext ();
      ^~~~~~~~~
configure:6053: $? = 0
configure:6053: result: yes
configure:6063: checking if msgfmt accepts -c
configure:6078: $MSGFMT -c -o /dev/null conftest.foo
conftest.foo:3: warning: header field 'Language' missing in header
configure:6081: $? = 0
configure:6083: result: yes
configure:6093: checking for gmsgfmt
configure:6124: result: /usr/bin/msgfmt
configure:6134: checking for xgettext
configure:6161: result: /usr/bin/xgettext
configure:6180: gcc -o conftest -g -O2   conftest.c   >&5
configure:6180: $? = 0
configure:6440: checking that generated files are newer than configure
configure:6446: result: done
configure:6485: creating ./config.status

## ---------------------- ##
## Running config.status. ##
## ---------------------- ##

This file was extended by YAD config.status 0.38.0, which was
generated by GNU Autoconf 2.69.  Invocation command line was

  CONFIG_FILES    = 
  CONFIG_HEADERS  = 
  CONFIG_LINKS    = 
  CONFIG_COMMANDS = 
  $ ./config.status 

on itx

config.status:977: creating Makefile
config.status:977: creating po/Makefile.in
config.status:977: creating src/Makefile
config.status:977: creating data/Makefile
config.status:977: creating data/icons/Makefile
config.status:977: creating data/icons/16x16/Makefile
config.status:977: creating data/icons/24x24/Makefile
config.status:977: creating data/icons/32x32/Makefile
config.status:977: creating data/icons/48x48/Makefile
config.status:977: creating data/icons/96x96/Makefile
config.status:977: creating data/icons/128x128/Makefile
config.status:977: creating data/yad.m4
config.status:977: creating data/yad.spec
config.status:977: creating config.h
config.status:1206: executing depfiles commands
config.status:1206: executing default-1 commands
config.status:1206: executing po/stamp-it commands

## ---------------- ##
## Cache variables. ##
## ---------------- ##

ac_cv_c_compiler_gnu=yes
ac_cv_env_CC_set=
ac_cv_env_CC_value=
ac_cv_env_CFLAGS_set=
ac_cv_env_CFLAGS_value=
ac_cv_env_CPPFLAGS_set=
ac_cv_env_CPPFLAGS_value=
ac_cv_env_CPP_set=
ac_cv_env_CPP_value=
ac_cv_env_GIO_CFLAGS_set=
ac_cv_env_GIO_CFLAGS_value=
ac_cv_env_GIO_LIBS_set=
ac_cv_env_GIO_LIBS_value=
ac_cv_env_GTK_CFLAGS_set=
ac_cv_env_GTK_CFLAGS_value=
ac_cv_env_GTK_LIBS_set=
ac_cv_env_GTK_LIBS_value=
ac_cv_env_HTML_CFLAGS_set=
ac_cv_env_HTML_CFLAGS_value=
ac_cv_env_HTML_LIBS_set=
ac_cv_env_HTML_LIBS_value=
ac_cv_env_LDFLAGS_set=
ac_cv_env_LDFLAGS_value=
ac_cv_env_LIBS_set=
ac_cv_env_LIBS_value=
ac_cv_env_PKG_CONFIG_LIBDIR_set=
ac_cv_env_PKG_CONFIG_LIBDIR_value=
ac_cv_env_PKG_CONFIG_PATH_set=
ac_cv_env_PKG_CONFIG_PATH_value=
ac_cv_env_PKG_CONFIG_set=
ac_cv_env_PKG_CONFIG_value=
ac_cv_env_SOURCEVIEW_CFLAGS_set=
ac_cv_env_SOURCEVIEW_CFLAGS_value=
ac_cv_env_SOURCEVIEW_LIBS_set=
ac_cv_env_SOURCEVIEW_LIBS_value=
ac_cv_env_SPELL_CFLAGS_set=
ac_cv_env_SPELL_CFLAGS_value=
ac_cv_env_SPELL_LIBS_set=
ac_cv_env_SPELL_LIBS_value=
ac_cv_env_build_alias_set=
ac_cv_env_build_alias_value=
ac_cv_env_host_alias_set=
ac_cv_env_host_alias_value=
ac_cv_env_target_alias_set=
ac_cv_env_target_alias_value=
ac_cv_func_bind_textdomain_codeset=yes
ac_cv_func_dcgettext=yes
ac_cv_header_inttypes_h=yes
ac_cv_header_libintl_h=yes
ac_cv_header_locale_h=yes
ac_cv_header_memory_h=yes
ac_cv_header_stdc=yes
ac_cv_header_stdint_h=yes
ac_cv_header_stdlib_h=yes
ac_cv_header_string_h=yes
ac_cv_header_strings_h=yes
ac_cv_header_sys_stat_h=yes
ac_cv_header_sys_types_h=yes
ac_cv_header_unistd_h=yes
ac_cv_objext=o
ac_cv_path_EGREP='/bin/grep -E'
ac_cv_path_GMSGFMT=/usr/bin/msgfmt
ac_cv_path_GREP=/bin/grep
ac_cv_path_INTLTOOL_EXTRACT=/usr/bin/intltool-extract
ac_cv_path_INTLTOOL_MERGE=/usr/bin/intltool-merge
ac_cv_path_INTLTOOL_PERL=/usr/bin/perl
ac_cv_path_INTLTOOL_UPDATE=/usr/bin/intltool-update
ac_cv_path_MSGFMT=/usr/bin/msgfmt
ac_cv_path_MSGMERGE=/usr/bin/msgmerge
ac_cv_path_XGETTEXT=/usr/bin/xgettext
ac_cv_path_ac_pt_PKG_CONFIG=/usr/bin/pkg-config
ac_cv_path_install='/usr/bin/install -c'
ac_cv_path_mkdir=/bin/mkdir
ac_cv_prog_AWK=gawk
ac_cv_prog_CPP='gcc -E'
ac_cv_prog_ac_ct_CC=gcc
ac_cv_prog_cc_c89=
ac_cv_prog_cc_g=yes
ac_cv_prog_make_make_set=yes
am_cv_CC_dependencies_compiler_type=gcc3
am_cv_make_support_nested_variables=yes
am_cv_prog_cc_c_o=yes
am_cv_val_LC_MESSAGES=yes
gt_cv_func_dgettext_libc=yes
gt_cv_func_dgettext_libintl=no
gt_cv_func_ngettext_libc=yes
gt_cv_have_gettext=yes
pkg_cv_GIO_CFLAGS='-pthread -I/usr/include/glib-2.0 -I/usr/lib/x86_64-linux-gnu/glib-2.0/include'
pkg_cv_GIO_LIBS='-lgio-2.0 -lgobject-2.0 -lglib-2.0'
pkg_cv_GTK_CFLAGS='-pthread -I/usr/include/gtk-2.0 -I/usr/include/gtk-unix-print-2.0 -I/usr/include/gtk-2.0 -I/usr/lib/x86_64-linux-gnu/gtk-2.0/include -I/usr/include/gio-unix-2.0/ -I/usr/include/cairo -I/usr/include/pango-1.0 -I/usr/include/atk-1.0 -I/usr/include/cairo -I/usr/include/pixman-1 -I/usr/include/libpng12 -I/usr/include/gdk-pixbuf-2.0 -I/usr/include/libpng12 -I/usr/include/pango-1.0 -I/usr/include/harfbuzz -I/usr/include/pango-1.0 -I/usr/include/glib-2.0 -I/usr/lib/x86_64-linux-gnu/glib-2.0/include -I/usr/include/freetype2'
pkg_cv_GTK_LIBS='-lgtk-x11-2.0 -lgdk-x11-2.0 -lpangocairo-1.0 -latk-1.0 -lcairo -lgdk_pixbuf-2.0 -lgio-2.0 -lpangoft2-1.0 -lpango-1.0 -lgobject-2.0 -lglib-2.0 -lfontconfig -lfreetype'
pkg_cv_HTML_CFLAGS='-pthread -I/usr/include/webkitgtk-1.0 -I/usr/include/gtk-2.0 -I/usr/lib/x86_64-linux-gnu/gtk-2.0/include -I/usr/include/gio-unix-2.0/ -I/usr/include/cairo -I/usr/include/pango-1.0 -I/usr/include/atk-1.0 -I/usr/include/cairo -I/usr/include/pixman-1 -I/usr/include/libpng12 -I/usr/include/gdk-pixbuf-2.0 -I/usr/include/libpng12 -I/usr/include/pango-1.0 -I/usr/include/harfbuzz -I/usr/include/pango-1.0 -I/usr/include/freetype2 -I/usr/include/libsoup-2.4 -I/usr/include/libxml2 -I/usr/include/webkitgtk-1.0 -I/usr/include/glib-2.0 -I/usr/lib/x86_64-linux-gnu/glib-2.0/include'
pkg_cv_HTML_LIBS='-lwebkitgtk-1.0 -lgtk-x11-2.0 -lgdk-x11-2.0 -lpangocairo-1.0 -latk-1.0 -lcairo -lgdk_pixbuf-2.0 -lpangoft2-1.0 -lpango-1.0 -lfontconfig -lfreetype -lsoup-2.4 -lgio-2.0 -lgobject-2.0 -ljavascriptcoregtk-1.0 -lglib-2.0'

## ----------------- ##
## Output variables. ##
## ----------------- ##

ACLOCAL='${SHELL} /opt/yad-netext/build/missing aclocal'
ALL_LINGUAS=''
AMDEPBACKSLASH='\'
AMDEP_FALSE='#'
AMDEP_TRUE=''
AMTAR='$${TAR-tar}'
AM_BACKSLASH='\'
AM_CFLAGS=''
AM_CPPFLAGS=''
AM_DEFAULT_V='$(AM_DEFAULT_VERBOSITY)'
AM_DEFAULT_VERBOSITY='0'
AM_LDFLAGS=''
AM_V='$(V)'
AUTOCONF='${SHELL} /opt/yad-netext/build/missing autoconf'
AUTOHEADER='${SHELL} /opt/yad-netext/build/missing autoheader'
AUTOMAKE='${SHELL} /opt/yad-netext/build/missing automake'
AWK='gawk'
BUILD_IB_FALSE=''
BUILD_IB_TRUE='#'
CATALOGS=''
CATOBJEXT='.gmo'
CC='gcc'
CCDEPMODE='depmode=gcc3'
CFLAGS='-g -O2'
CPP='gcc -E'
CPPFLAGS=''
CYGPATH_W='echo'
DATADIRNAME='share'
DEFS='-DHAVE_CONFIG_H'
DEPDIR='.deps'
DISABLE_DEPRECATED=''
ECHO_C=''
ECHO_N='-n'
ECHO_T=''
EGREP='/bin/grep -E'
EXEEXT=''
GETTEXT_PACKAGE='yad'
GIO_CFLAGS='-pthread -I/usr/include/glib-2.0 -I/usr/lib/x86_64-linux-gnu/glib-2.0/include'
GIO_LIBS='-lgio-2.0 -lgobject-2.0 -lglib-2.0'
GMOFILES=''
GMSGFMT='/usr/bin/msgfmt'
GREP='/bin/grep'
GTK_CFLAGS='-pthread -I/usr/include/gtk-2.0 -I/usr/include/gtk-unix-print-2.0 -I/usr/include/gtk-2.0 -I/usr/lib/x86_64-linux-gnu/gtk-2.0/include -I/usr/include/gio-unix-2.0/ -I/usr/include/cairo -I/usr/include/pango-1.0 -I/usr/include/atk-1.0 -I/usr/include/cairo -I/usr/include/pixman-1 -I/usr/include/libpng12 -I/usr/include/gdk-pixbuf-2.0 -I/usr/include/libpng12 -I/usr/include/pango-1.0 -I/usr/include/harfbuzz -I/usr/include/pango-1.0 -I/usr/include/glib-2.0 -I/usr/lib/x86_64-linux-gnu/glib-2.0/include -I/usr/include/freetype2'
GTK_LIBS='-lgtk-x11-2.0 -lgdk-x11-2.0 -lpangocairo-1.0 -latk-1.0 -lcairo -lgdk_pixbuf-2.0 -lgio-2.0 -lpangoft2-1.0 -lpango-1.0 -lgobject-2.0 -lglib-2.0 -lfontconfig -lfreetype'
HTML_CFLAGS='-pthread -I/usr/include/webkitgtk-1.0 -I/usr/include/gtk-2.0 -I/usr/lib/x86_64-linux-gnu/gtk-2.0/include -I/usr/include/gio-unix-2.0/ -I/usr/include/cairo -I/usr/include/pango-1.0 -I/usr/include/atk-1.0 -I/usr/include/cairo -I/usr/include/pixman-1 -I/usr/include/libpng12 -I/usr/include/gdk-pixbuf-2.0 -I/usr/include/libpng12 -I/usr/include/pango-1.0 -I/usr/include/harfbuzz -I/usr/include/pango-1.0 -I/usr/include/freetype2 -I/usr/include/libsoup-2.4 -I/usr/include/libxml2 -I/usr/include/webkitgtk-1.0 -I/usr/include/glib-2.0 -I/usr/lib/x86_64-linux-gnu/glib-2.0/include'
HTML_FALSE='#'
HTML_LIBS='-lwebkitgtk-1.0 -lgtk-x11-2.0 -lgdk-x11-2.0 -lpangocairo-1.0 -latk-1.0 -lcairo -lgdk_pixbuf-2.0 -lpangoft2-1.0 -lpango-1.0 -lfontconfig -lfreetype -lsoup-2.4 -lgio-2.0 -lgobject-2.0 -ljavascriptcoregtk-1.0 -lglib-2.0'
HTML_TRUE=''
INSTALL_DATA='${INSTALL} -m 644'
INSTALL_PROGRAM='${INSTALL}'
INSTALL_SCRIPT='${INSTALL}'
INSTALL_STRIP_PROGRAM='$(install_sh) -c -s'
INSTOBJEXT='.mo'
INTLLIBS=''
INTLTOOL_CAVES_RULE='%.caves:     %.caves.in     $(INTLTOOL_MERGE) $(wildcard $(top_srcdir)/po/*.po) ; $(INTLTOOL_V_MERGE)LC_ALL=C $(INTLTOOL_MERGE) $(INTLTOOL_V_MERGE_OPTIONS) -d -u -c $(top_builddir)/po/.intltool-merge-cache $(top_srcdir)/po $< $@'
INTLTOOL_DESKTOP_RULE='%.desktop:   %.desktop.in   $(INTLTOOL_MERGE) $(wildcard $(top_srcdir)/po/*.po) ; $(INTLTOOL_V_MERGE)LC_ALL=C $(INTLTOOL_MERGE) $(INTLTOOL_V_MERGE_OPTIONS) -d -u -c $(top_builddir)/po/.intltool-merge-cache $(top_srcdir)/po $< $@'
INTLTOOL_DIRECTORY_RULE='%.directory: %.directory.in $(INTLTOOL_MERGE) $(wildcard $(top_srcdir)/po/*.po) ; $(INTLTOOL_V_MERGE)LC_ALL=C $(INTLTOOL_MERGE) $(INTLTOOL_V_MERGE_OPTIONS) -d -u -c $(top_builddir)/po/.intltool-merge-cache $(top_srcdir)/po $< $@'
INTLTOOL_EXTRACT='/usr/bin/intltool-extract'
INTLTOOL_KBD_RULE='%.kbd:       %.kbd.in       $(INTLTOOL_MERGE) $(wildcard $(top_srcdir)/po/*.po) ; $(INTLTOOL_V_MERGE)LC_ALL=C $(INTLTOOL_MERGE) $(INTLTOOL_V_MERGE_OPTIONS) -x -u -m -c $(top_builddir)/po/.intltool-merge-cache $(top_srcdir)/po $< $@'
INTLTOOL_KEYS_RULE='%.keys:      %.keys.in      $(INTLTOOL_MERGE) $(wildcard $(top_srcdir)/po/*.po) ; $(INTLTOOL_V_MERGE)LC_ALL=C $(INTLTOOL_MERGE) $(INTLTOOL_V_MERGE_OPTIONS) -k -u -c $(top_builddir)/po/.intltool-merge-cache $(top_srcdir)/po $< $@'
INTLTOOL_MERGE='/usr/bin/intltool-merge'
INTLTOOL_OAF_RULE='%.oaf:       %.oaf.in       $(INTLTOOL_MERGE) $(wildcard $(top_srcdir)/po/*.po) ; $(INTLTOOL_V_MERGE)LC_ALL=C $(INTLTOOL_MERGE) $(INTLTOOL_V_MERGE_OPTIONS) -o -p $(top_srcdir)/po $< $@'
INTLTOOL_PERL='/usr/bin/perl'
INTLTOOL_POLICY_RULE='%.policy:    %.policy.in    $(INTLTOOL_MERGE) $(wildcard $(top_srcdir)/po/*.po) ; $(INTLTOOL_V_MERGE)LC_ALL=C $(INTLTOOL_MERGE) $(INTLTOOL_V_MERGE_OPTIONS) -x -u -c $(top_builddir)/po/.intltool-merge-cache $(top_srcdir)/po $< $@'
INTLTOOL_PONG_RULE='%.pong:      %.pong.in      $(INTLTOOL_MERGE) $(wildcard $(top_srcdir)/po/*.po) ; $(INTLTOOL_V_MERGE)LC_ALL=C $(INTLTOOL_MERGE) $(INTLTOOL_V_MERGE_OPTIONS) -x -u -c $(top_builddir)/po/.intltool-merge-cache $(top_srcdir)/po $< $@'
INTLTOOL_PROP_RULE='%.prop:      %.prop.in      $(INTLTOOL_MERGE) $(wildcard $(top_srcdir)/po/*.po) ; $(INTLTOOL_V_MERGE)LC_ALL=C $(INTLTOOL_MERGE) $(INTLTOOL_V_MERGE_OPTIONS) -d -u -c $(top_builddir)/po/.intltool-merge-cache $(top_srcdir)/po $< $@'
INTLTOOL_SCHEMAS_RULE='%.schemas:   %.schemas.in   $(INTLTOOL_MERGE) $(wildcard $(top_srcdir)/po/*.po) ; $(INTLTOOL_V_MERGE)LC_ALL=C $(INTLTOOL_MERGE) $(INTLTOOL_V_MERGE_OPTIONS) -s -u -c $(top_builddir)/po/.intltool-merge-cache $(top_srcdir)/po $< $@'
INTLTOOL_SERVER_RULE='%.server:    %.server.in    $(INTLTOOL_MERGE) $(wildcard $(top_srcdir)/po/*.po) ; $(INTLTOOL_V_MERGE)LC_ALL=C $(INTLTOOL_MERGE) $(INTLTOOL_V_MERGE_OPTIONS) -o -u -c $(top_builddir)/po/.intltool-merge-cache $(top_srcdir)/po $< $@'
INTLTOOL_SERVICE_RULE='%.service: %.service.in   $(INTLTOOL_MERGE) $(wildcard $(top_srcdir)/po/*.po) ; $(INTLTOOL_V_MERGE)LC_ALL=C $(INTLTOOL_MERGE) $(INTLTOOL_V_MERGE_OPTIONS) -d -u -c $(top_builddir)/po/.intltool-merge-cache $(top_srcdir)/po $< $@'
INTLTOOL_SHEET_RULE='%.sheet:     %.sheet.in     $(INTLTOOL_MERGE) $(wildcard $(top_srcdir)/po/*.po) ; $(INTLTOOL_V_MERGE)LC_ALL=C $(INTLTOOL_MERGE) $(INTLTOOL_V_MERGE_OPTIONS) -x -u -c $(top_builddir)/po/.intltool-merge-cache $(top_srcdir)/po $< $@'
INTLTOOL_SOUNDLIST_RULE='%.soundlist: %.soundlist.in $(INTLTOOL_MERGE) $(wildcard $(top_srcdir)/po/*.po) ; $(INTLTOOL_V_MERGE)LC_ALL=C $(INTLTOOL_MERGE) $(INTLTOOL_V_MERGE_OPTIONS) -d -u -c $(top_builddir)/po/.intltool-merge-cache $(top_srcdir)/po $< $@'
INTLTOOL_THEME_RULE='%.theme:     %.theme.in     $(INTLTOOL_MERGE) $(wildcard $(top_srcdir)/po/*.po) ; $(INTLTOOL_V_MERGE)LC_ALL=C $(INTLTOOL_MERGE) $(INTLTOOL_V_MERGE_OPTIONS) -d -u -c $(top_builddir)/po/.intltool-merge-cache $(top_srcdir)/po $< $@'
INTLTOOL_UI_RULE='%.ui:        %.ui.in        $(INTLTOOL_MERGE) $(wildcard $(top_srcdir)/po/*.po) ; $(INTLTOOL_V_MERGE)LC_ALL=C $(INTLTOOL_MERGE) $(INTLTOOL_V_MERGE_OPTIONS) -x -u -c $(top_builddir)/po/.intltool-merge-cache $(top_srcdir)/po $< $@'
INTLTOOL_UPDATE='/usr/bin/intltool-update'
INTLTOOL_V_MERGE='$(INTLTOOL__v_MERGE_$(V))'
INTLTOOL_V_MERGE_OPTIONS='$(intltool__v_merge_options_$(V))'
INTLTOOL_XAM_RULE='%.xam:       %.xml.in       $(INTLTOOL_MERGE) $(wildcard $(top_srcdir)/po/*.po) ; $(INTLTOOL_V_MERGE)LC_ALL=C $(INTLTOOL_MERGE) $(INTLTOOL_V_MERGE_OPTIONS) -x -u -c $(top_builddir)/po/.intltool-merge-cache $(top_srcdir)/po $< $@'
INTLTOOL_XML_NOMERGE_RULE='%.xml:       %.xml.in       $(INTLTOOL_MERGE) ; $(INTLTOOL_V_MERGE)LC_ALL=C $(INTLTOOL_MERGE) $(INTLTOOL_V_MERGE_OPTIONS) -x -u --no-translations $< $@'
INTLTOOL_XML_RULE='%.xml:       %.xml.in       $(INTLTOOL_MERGE) $(wildcard $(top_srcdir)/po/*.po) ; $(INTLTOOL_V_MERGE)LC_ALL=C $(INTLTOOL_MERGE) $(INTLTOOL_V_MERGE_OPTIONS) -x -u -c $(top_builddir)/po/.intltool-merge-cache $(top_srcdir)/po $< $@'
INTLTOOL__v_MERGE_0='@echo "  ITMRG " $@;'
INTLTOOL__v_MERGE_='$(INTLTOOL__v_MERGE_$(AM_DEFAULT_VERBOSITY))'
LDFLAGS=''
LIBOBJS=''
LIBS=''
LTLIBOBJS=''
MAINT='#'
MAINTAINER_MODE_FALSE=''
MAINTAINER_MODE_TRUE='#'
MAKEINFO='${SHELL} /opt/yad-netext/build/missing makeinfo'
MKDIR_P='/bin/mkdir -p'
MKINSTALLDIRS='build/mkinstalldirs'
MSGFMT='/usr/bin/msgfmt'
MSGFMT_OPTS='-c'
MSGMERGE='/usr/bin/msgmerge'
OBJEXT='o'
PACKAGE='yad'
PACKAGE_BUGREPORT='https://sourceforge.net/p/yad-dialog/tickets/'
PACKAGE_NAME='YAD'
PACKAGE_STRING='YAD 0.38.0'
PACKAGE_TARNAME='yad'
PACKAGE_URL='https://sourceforge.net/projects/yad-dialog/'
PACKAGE_VERSION='0.38.0'
PATH_SEPARATOR=':'
PKG_CONFIG='/usr/bin/pkg-config'
PKG_CONFIG_LIBDIR=''
PKG_CONFIG_PATH=''
POFILES=''
POSUB='po'
PO_IN_DATADIR_FALSE=''
PO_IN_DATADIR_TRUE=''
SET_MAKE=''
SHELL='/bin/bash'
SOURCEVIEW_CFLAGS=''
SOURCEVIEW_LIBS=''
SPELL_CFLAGS=''
SPELL_LIBS=''
STRIP=''
USE_NLS='yes'
VERSION='0.38.0'
XGETTEXT='/usr/bin/xgettext'
ac_ct_CC='gcc'
am__EXEEXT_FALSE=''
am__EXEEXT_TRUE='#'
am__fastdepCC_FALSE='#'
am__fastdepCC_TRUE=''
am__include='include'
am__isrc=''
am__leading_dot='.'
am__nodep='_no'
am__quote=''
am__tar='$${TAR-tar} chof - "$$tardir"'
am__untar='$${TAR-tar} xf -'
bindir='${exec_prefix}/bin'
build_alias=''
datadir='${datarootdir}'
datarootdir='${prefix}/share'
docdir='${datarootdir}/doc/${PACKAGE_TARNAME}'
dvidir='${docdir}'
exec_prefix='${prefix}'
host_alias=''
htmldir='${docdir}'
includedir='${prefix}/include'
infodir='${datarootdir}/info'
install_sh='${SHELL} /opt/yad-netext/build/install-sh'
intltool__v_merge_options_0='-q'
intltool__v_merge_options_='$(intltool__v_merge_options_$(AM_DEFAULT_VERBOSITY))'
libdir='${exec_prefix}/lib'
libexecdir='${exec_prefix}/libexec'
localedir='${datarootdir}/locale'
localstatedir='${prefix}/var'
mandir='${datarootdir}/man'
mkdir_p='$(MKDIR_P)'
oldincludedir='/usr/include'
pdfdir='${docdir}'
prefix='/usr'
program_transform_name='s,x,x,'
psdir='${docdir}'
sbindir='${exec_prefix}/sbin'
sharedstatedir='${prefix}/com'
sysconfdir='${prefix}/etc'
target_alias=''

## ----------- ##
## confdefs.h. ##
## ----------- ##

/* confdefs.h */
#define PACKAGE_NAME "YAD"
#define PACKAGE_TARNAME "yad"
#define PACKAGE_VERSION "0.38.0"
#define PACKAGE_STRING "YAD 0.38.0"
#define PACKAGE_BUGREPORT "https://sourceforge.net/p/yad-dialog/tickets/"
#define PACKAGE_URL "https://sourceforge.net/projects/yad-dialog/"
#define PACKAGE "yad"
#define VERSION "0.38.0"
#define RGB_FILE "/etc/X11/rgb.txt"
#define HAVE_HTML 1
#define HAVE_GIO 1
#define GETTEXT_PACKAGE "yad"
#define STDC_HEADERS 1
#define HAVE_SYS_TYPES_H 1
#define HAVE_SYS_STAT_H 1
#define HAVE_STDLIB_H 1
#define HAVE_STRING_H 1
#define HAVE_MEMORY_H 1
#define HAVE_STRINGS_H 1
#define HAVE_INTTYPES_H 1
#define HAVE_STDINT_H 1
#define HAVE_UNISTD_H 1
#define HAVE_LOCALE_H 1
#define HAVE_LC_MESSAGES 1
#define HAVE_BIND_TEXTDOMAIN_CODESET 1
#define HAVE_GETTEXT 1
#define HAVE_DCGETTEXT 1
#define ENABLE_NLS 1

configure: exit 0
